<?xml version="1.0" encoding="UTF-8"?>
<!-- Generated by org.testng.reporters.JUnitReportReporter -->
<testsuite skipped="0" hostname="Deepas-Macbook-Pro.local" name="HotelBookingTest" tests="1" failures="0" timestamp="07 Jun 2019 13:29:46 GMT" time="26.672" errors="0">
  <testcase name="shouldBeAbleToSearchForHotels" time="26.672" classname="HotelBookingTest"/>
</testsuite> <!-- HotelBookingTest -->
