<?xml version="1.0" encoding="UTF-8"?>
<!-- Generated by org.testng.reporters.JUnitReportReporter -->
<testsuite skipped="0" hostname="Deepas-Macbook-Pro.local" name="HotelBookingTest1" tests="1" failures="0" timestamp="07 Jun 2019 12:40:15 GMT" time="26.837" errors="0">
  <testcase name="shouldBeAbleToSearchForHotels1" time="26.837" classname="HotelBookingTest1"/>
</testsuite> <!-- HotelBookingTest1 -->
