<?xml version="1.0" encoding="UTF-8"?>
<!-- Generated by org.testng.reporters.JUnitReportReporter -->
<testsuite skipped="0" hostname="Deepas-Macbook-Pro.local" name="SignInTest" tests="1" failures="0" timestamp="07 Jun 2019 13:27:04 GMT" time="11.982" errors="0">
  <testcase name="shouldThrowAnErrorIfSignInDetailsAreMissing" time="11.982" classname="SignInTest"/>
</testsuite> <!-- SignInTest -->
